<?xml version="1.0" encoding="UTF-8"?>
<coverage generated="1663449520257" clover="3.2.0">
  <project timestamp="1663449520257" name="All files">
    <metrics statements="155" coveredstatements="143" conditionals="39" coveredconditionals="33" methods="56" coveredmethods="49" elements="250" coveredelements="225" complexity="0" loc="155" ncloc="155" packages="3" files="9" classes="9"/>
    <package name="src">
      <metrics statements="1" coveredstatements="1" conditionals="0" coveredconditionals="0" methods="1" coveredmethods="1"/>
      <file name="App.js" path="/home/conan/projetosTrybe/sd-023-b-project-trivia-react-redux/src/App.js">
        <metrics statements="1" coveredstatements="1" conditionals="0" coveredconditionals="0" methods="1" coveredmethods="1"/>
        <line num="12" count="8" type="stmt"/>
      </file>
    </package>
    <package name="src.components">
      <metrics statements="24" coveredstatements="17" conditionals="2" coveredconditionals="1" methods="11" coveredmethods="7"/>
      <file name="Header.jsx" path="/home/conan/projetosTrybe/sd-023-b-project-trivia-react-redux/src/components/Header.jsx">
        <metrics statements="4" coveredstatements="4" conditionals="0" coveredconditionals="0" methods="2" coveredmethods="2"/>
        <line num="8" count="19" type="stmt"/>
        <line num="10" count="19" type="stmt"/>
        <line num="25" count="25" type="stmt"/>
        <line num="31" count="2" type="stmt"/>
      </file>
      <file name="PlayerCard.jsx" path="/home/conan/projetosTrybe/sd-023-b-project-trivia-react-redux/src/components/PlayerCard.jsx">
        <metrics statements="3" coveredstatements="3" conditionals="0" coveredconditionals="0" methods="1" coveredmethods="1"/>
        <line num="6" count="1" type="stmt"/>
        <line num="8" count="1" type="stmt"/>
        <line num="18" count="2" type="stmt"/>
      </file>
      <file name="Timer.jsx" path="/home/conan/projetosTrybe/sd-023-b-project-trivia-react-redux/src/components/Timer.jsx">
        <metrics statements="17" coveredstatements="10" conditionals="2" coveredconditionals="1" methods="8" coveredmethods="4"/>
        <line num="5" count="2" type="stmt"/>
        <line num="9" count="26" type="stmt"/>
        <line num="10" count="26" type="stmt"/>
        <line num="16" count="26" type="stmt"/>
        <line num="17" count="0" type="stmt"/>
        <line num="18" count="0" type="stmt"/>
        <line num="20" count="0" type="stmt"/>
        <line num="21" count="0" type="stmt"/>
        <line num="22" count="0" type="stmt"/>
        <line num="29" count="26" type="stmt"/>
        <line num="32" count="26" type="stmt"/>
        <line num="33" count="0" type="stmt"/>
        <line num="34" count="0" type="stmt"/>
        <line num="38" count="26" type="stmt"/>
        <line num="39" count="26" type="cond" truecount="1" falsecount="1"/>
        <line num="40" count="26" type="stmt"/>
        <line num="44" count="2" type="stmt"/>
      </file>
    </package>
    <package name="src.pages">
      <metrics statements="130" coveredstatements="125" conditionals="37" coveredconditionals="32" methods="44" coveredmethods="41"/>
      <file name="Feedback.jsx" path="/home/conan/projetosTrybe/sd-023-b-project-trivia-react-redux/src/pages/Feedback.jsx">
        <metrics statements="20" coveredstatements="20" conditionals="2" coveredconditionals="2" methods="6" coveredmethods="6"/>
        <line num="9" count="2" type="stmt"/>
        <line num="12" count="5" type="stmt"/>
        <line num="13" count="1" type="stmt"/>
        <line num="15" count="1" type="stmt"/>
        <line num="17" count="1" type="stmt"/>
        <line num="18" count="1" type="stmt"/>
        <line num="19" count="2" type="stmt"/>
        <line num="20" count="1" type="stmt"/>
        <line num="21" count="1" type="stmt"/>
        <line num="22" count="1" type="stmt"/>
        <line num="26" count="5" type="stmt"/>
        <line num="28" count="5" type="stmt"/>
        <line num="42" count="1" type="stmt"/>
        <line num="43" count="1" type="stmt"/>
        <line num="44" count="1" type="stmt"/>
        <line num="45" count="4" type="stmt"/>
        <line num="46" count="1" type="stmt"/>
        <line num="47" count="1" type="stmt"/>
        <line num="64" count="6" type="stmt"/>
        <line num="68" count="2" type="stmt"/>
      </file>
      <file name="Game.jsx" path="/home/conan/projetosTrybe/sd-023-b-project-trivia-react-redux/src/pages/Game.jsx">
        <metrics statements="62" coveredstatements="62" conditionals="27" coveredconditionals="23" methods="23" coveredmethods="22"/>
        <line num="13" count="6" type="stmt"/>
        <line num="15" count="6" type="stmt"/>
        <line num="32" count="6" type="stmt"/>
        <line num="35" count="6" type="stmt"/>
        <line num="36" count="6" type="stmt"/>
        <line num="38" count="6" type="stmt"/>
        <line num="39" count="6" type="stmt"/>
        <line num="40" count="6" type="stmt"/>
        <line num="42" count="6" type="cond" truecount="1" falsecount="1"/>
        <line num="43" count="6" type="stmt"/>
        <line num="48" count="6" type="stmt"/>
        <line num="49" count="26" type="cond" truecount="1" falsecount="1"/>
        <line num="51" count="26" type="stmt"/>
        <line num="53" count="26" type="stmt"/>
        <line num="54" count="65" type="stmt"/>
        <line num="57" count="26" type="stmt"/>
        <line num="60" count="6" type="stmt"/>
        <line num="61" count="26" type="stmt"/>
        <line num="62" count="26" type="stmt"/>
        <line num="63" count="133" type="stmt"/>
        <line num="64" count="26" type="stmt"/>
        <line num="66" count="26" type="stmt"/>
        <line num="68" count="26" type="cond" truecount="2" falsecount="0"/>
        <line num="69" count="80" type="stmt"/>
        <line num="71" count="20" type="stmt"/>
        <line num="72" count="6" type="cond" truecount="2" falsecount="0"/>
        <line num="73" count="10" type="stmt"/>
        <line num="75" count="5" type="stmt"/>
        <line num="79" count="6" type="cond" truecount="1" falsecount="0"/>
        <line num="80" count="25" type="stmt"/>
        <line num="82" count="25" type="stmt"/>
        <line num="83" count="25" type="stmt"/>
        <line num="84" count="25" type="stmt"/>
        <line num="85" count="90" type="stmt"/>
        <line num="87" count="25" type="cond" truecount="2" falsecount="0"/>
        <line num="88" count="8" type="stmt"/>
        <line num="91" count="8" type="stmt"/>
        <line num="93" count="8" type="stmt"/>
        <line num="99" count="6" type="stmt"/>
        <line num="101" count="6" type="stmt"/>
        <line num="102" count="25" type="stmt"/>
        <line num="103" count="25" type="stmt"/>
        <line num="104" count="25" type="stmt"/>
        <line num="106" count="25" type="cond" truecount="2" falsecount="0"/>
        <line num="107" count="20" type="stmt"/>
        <line num="111" count="20" type="stmt"/>
        <line num="114" count="5" type="stmt"/>
        <line num="120" count="90" type="stmt"/>
        <line num="121" count="90" type="stmt"/>
        <line num="122" count="90" type="stmt"/>
        <line num="123" count="90" type="stmt"/>
        <line num="124" count="90" type="stmt"/>
        <line num="126" count="90" type="stmt"/>
        <line num="146" count="284" type="cond" truecount="2" falsecount="0"/>
        <line num="147" count="219" type="stmt"/>
        <line num="150" count="284" type="stmt"/>
        <line num="159" count="8" type="stmt"/>
        <line num="160" count="8" type="stmt"/>
        <line num="202" count="2" type="stmt"/>
        <line num="219" count="2" type="stmt"/>
        <line num="220" count="26" type="stmt"/>
        <line num="221" count="26" type="stmt"/>
      </file>
      <file name="Login.jsx" path="/home/conan/projetosTrybe/sd-023-b-project-trivia-react-redux/src/pages/Login.jsx">
        <metrics statements="36" coveredstatements="35" conditionals="6" coveredconditionals="5" methods="10" coveredmethods="10"/>
        <line num="12" count="9" type="stmt"/>
        <line num="14" count="9" type="stmt"/>
        <line num="23" count="9" type="cond" truecount="2" falsecount="0"/>
        <line num="26" count="9" type="stmt"/>
        <line num="27" count="282" type="stmt"/>
        <line num="28" count="282" type="stmt"/>
        <line num="29" count="282" type="stmt"/>
        <line num="31" count="282" type="stmt"/>
        <line num="36" count="9" type="stmt"/>
        <line num="37" count="282" type="stmt"/>
        <line num="38" count="282" type="stmt"/>
        <line num="42" count="9" type="stmt"/>
        <line num="43" count="6" type="stmt"/>
        <line num="44" count="6" type="stmt"/>
        <line num="45" count="6" type="stmt"/>
        <line num="47" count="6" type="stmt"/>
        <line num="48" count="6" type="stmt"/>
        <line num="49" count="6" type="stmt"/>
        <line num="50" count="6" type="stmt"/>
        <line num="51" count="6" type="stmt"/>
        <line num="52" count="6" type="stmt"/>
        <line num="55" count="6" type="stmt"/>
        <line num="56" count="6" type="stmt"/>
        <line num="57" count="6" type="stmt"/>
        <line num="58" count="6" type="cond" truecount="1" falsecount="1"/>
        <line num="59" count="6" type="stmt"/>
        <line num="61" count="0" type="stmt"/>
        <line num="63" count="6" type="stmt"/>
        <line num="64" count="6" type="stmt"/>
        <line num="67" count="9" type="stmt"/>
        <line num="68" count="1" type="stmt"/>
        <line num="69" count="1" type="stmt"/>
        <line num="73" count="597" type="stmt"/>
        <line num="75" count="597" type="stmt"/>
        <line num="119" count="2" type="stmt"/>
        <line num="129" count="27" type="stmt"/>
      </file>
      <file name="Ranking.jsx" path="/home/conan/projetosTrybe/sd-023-b-project-trivia-react-redux/src/pages/Ranking.jsx">
        <metrics statements="11" coveredstatements="7" conditionals="2" coveredconditionals="2" methods="4" coveredmethods="2"/>
        <line num="8" count="2" type="stmt"/>
        <line num="10" count="1" type="stmt"/>
        <line num="14" count="1" type="stmt"/>
        <line num="15" count="0" type="stmt"/>
        <line num="17" count="0" type="stmt"/>
        <line num="18" count="0" type="stmt"/>
        <line num="22" count="1" type="stmt"/>
        <line num="23" count="1" type="stmt"/>
        <line num="34" count="0" type="stmt"/>
        <line num="35" count="1" type="stmt"/>
        <line num="42" count="2" type="stmt"/>
      </file>
      <file name="settings.jsx" path="/home/conan/projetosTrybe/sd-023-b-project-trivia-react-redux/src/pages/settings.jsx">
        <metrics statements="1" coveredstatements="1" conditionals="0" coveredconditionals="0" methods="1" coveredmethods="1"/>
        <line num="5" count="1" type="stmt"/>
      </file>
    </package>
  </project>
</coverage>
