{"/home/conan/projetosTrybe/sd-023-b-project-trivia-react-redux/src/App.js": {"path":"/home/conan/projetosTrybe/sd-023-b-project-trivia-react-redux/src/App.js","statementMap":{"0":{"start":{"line":12,"column":2},"end":{"line":26,"column":4}}},"fnMap":{"0":{"name":"App","decl":{"start":{"line":11,"column":24},"end":{"line":11,"column":27}},"loc":{"start":{"line":11,"column":30},"end":{"line":27,"column":1}},"line":11}},"branchMap":{},"s":{"0":8},"f":{"0":8},"b":{},"_coverageSchema":"1a1c01bbd47fc00a2c39e90264f33305004495a9","hash":"f0e43e12527352703f5e765445240a80e6fa210d"}
,"/home/conan/projetosTrybe/sd-023-b-project-trivia-react-redux/src/components/Header.jsx": {"path":"/home/conan/projetosTrybe/sd-023-b-project-trivia-react-redux/src/components/Header.jsx","statementMap":{"0":{"start":{"line":8,"column":35},"end":{"line":8,"column":45}},"1":{"start":{"line":10,"column":4},"end":{"line":21,"column":6}},"2":{"start":{"line":25,"column":24},"end":{"line":29,"column":2}},"3":{"start":{"line":25,"column":36},"end":{"line":29,"column":1}},"4":{"start":{"line":31,"column":0},"end":{"line":35,"column":2}}},"fnMap":{"0":{"name":"(anonymous_0)","decl":{"start":{"line":7,"column":2},"end":{"line":7,"column":3}},"loc":{"start":{"line":7,"column":11},"end":{"line":22,"column":3}},"line":7},"1":{"name":"(anonymous_1)","decl":{"start":{"line":25,"column":24},"end":{"line":25,"column":25}},"loc":{"start":{"line":25,"column":36},"end":{"line":29,"column":1}},"line":25}},"branchMap":{},"s":{"0":19,"1":19,"2":2,"3":25,"4":2},"f":{"0":19,"1":25},"b":{},"_coverageSchema":"1a1c01bbd47fc00a2c39e90264f33305004495a9","hash":"3b59fdf5e78375206cafad0ed1c9d30ef926c4cf"}
,"/home/conan/projetosTrybe/sd-023-b-project-trivia-react-redux/src/components/PlayerCard.jsx": {"path":"/home/conan/projetosTrybe/sd-023-b-project-trivia-react-redux/src/components/PlayerCard.jsx","statementMap":{"0":{"start":{"line":6,"column":56},"end":{"line":6,"column":66}},"1":{"start":{"line":8,"column":4},"end":{"line":14,"column":6}},"2":{"start":{"line":18,"column":0},"end":{"line":20,"column":13}}},"fnMap":{"0":{"name":"(anonymous_0)","decl":{"start":{"line":5,"column":2},"end":{"line":5,"column":3}},"loc":{"start":{"line":5,"column":11},"end":{"line":15,"column":3}},"line":5}},"branchMap":{},"s":{"0":1,"1":1,"2":2},"f":{"0":1},"b":{},"_coverageSchema":"1a1c01bbd47fc00a2c39e90264f33305004495a9","hash":"17334fb799c59cf0bcc433bbac6b95c7b242fab8"}
,"/home/conan/projetosTrybe/sd-023-b-project-trivia-react-redux/src/components/Timer.jsx": {"path":"/home/conan/projetosTrybe/sd-023-b-project-trivia-react-redux/src/components/Timer.jsx","statementMap":{"0":{"start":{"line":5,"column":19},"end":{"line":5,"column":23}},"1":{"start":{"line":9,"column":4},"end":{"line":9,"column":12}},"2":{"start":{"line":10,"column":4},"end":{"line":12,"column":6}},"3":{"start":{"line":16,"column":4},"end":{"line":25,"column":19}},"4":{"start":{"line":17,"column":6},"end":{"line":24,"column":8}},"5":{"start":{"line":18,"column":27},"end":{"line":18,"column":70}},"6":{"start":{"line":20,"column":33},"end":{"line":20,"column":43}},"7":{"start":{"line":21,"column":30},"end":{"line":21,"column":40}},"8":{"start":{"line":22,"column":10},"end":{"line":22,"column":30}},"9":{"start":{"line":29,"column":4},"end":{"line":29,"column":37}},"10":{"start":{"line":32,"column":14},"end":{"line":35,"column":3}},"11":{"start":{"line":33,"column":34},"end":{"line":33,"column":44}},"12":{"start":{"line":34,"column":4},"end":{"line":34,"column":53}},"13":{"start":{"line":38,"column":27},"end":{"line":38,"column":37}},"14":{"start":{"line":39,"column":4},"end":{"line":39,"column":47}},"15":{"start":{"line":39,"column":28},"end":{"line":39,"column":45}},"16":{"start":{"line":40,"column":4},"end":{"line":40,"column":55}},"17":{"start":{"line":44,"column":0},"end":{"line":47,"column":2}}},"fnMap":{"0":{"name":"(anonymous_0)","decl":{"start":{"line":8,"column":2},"end":{"line":8,"column":3}},"loc":{"start":{"line":8,"column":16},"end":{"line":13,"column":3}},"line":8},"1":{"name":"(anonymous_1)","decl":{"start":{"line":15,"column":2},"end":{"line":15,"column":3}},"loc":{"start":{"line":15,"column":22},"end":{"line":26,"column":3}},"line":15},"2":{"name":"(anonymous_2)","decl":{"start":{"line":16,"column":36},"end":{"line":16,"column":37}},"loc":{"start":{"line":16,"column":42},"end":{"line":25,"column":5}},"line":16},"3":{"name":"(anonymous_3)","decl":{"start":{"line":18,"column":8},"end":{"line":18,"column":9}},"loc":{"start":{"line":18,"column":27},"end":{"line":18,"column":70}},"line":18},"4":{"name":"(anonymous_4)","decl":{"start":{"line":19,"column":8},"end":{"line":19,"column":9}},"loc":{"start":{"line":19,"column":14},"end":{"line":23,"column":9}},"line":19},"5":{"name":"(anonymous_5)","decl":{"start":{"line":28,"column":2},"end":{"line":28,"column":3}},"loc":{"start":{"line":28,"column":25},"end":{"line":30,"column":3}},"line":28},"6":{"name":"(anonymous_6)","decl":{"start":{"line":32,"column":14},"end":{"line":32,"column":15}},"loc":{"start":{"line":32,"column":20},"end":{"line":35,"column":3}},"line":32},"7":{"name":"(anonymous_7)","decl":{"start":{"line":37,"column":2},"end":{"line":37,"column":3}},"loc":{"start":{"line":37,"column":11},"end":{"line":41,"column":3}},"line":37}},"branchMap":{"0":{"loc":{"start":{"line":39,"column":4},"end":{"line":39,"column":47}},"type":"if","locations":[{"start":{"line":39,"column":4},"end":{"line":39,"column":47}},{"start":{},"end":{}}],"line":39}},"s":{"0":2,"1":26,"2":26,"3":26,"4":0,"5":0,"6":0,"7":0,"8":0,"9":26,"10":26,"11":0,"12":0,"13":26,"14":26,"15":0,"16":26,"17":2},"f":{"0":26,"1":26,"2":0,"3":0,"4":0,"5":26,"6":0,"7":26},"b":{"0":[0,26]},"_coverageSchema":"1a1c01bbd47fc00a2c39e90264f33305004495a9","hash":"a5e71f645d04231dc60997d4f47a5b6bf31e570b"}
,"/home/conan/projetosTrybe/sd-023-b-project-trivia-react-redux/src/pages/Feedback.jsx": {"path":"/home/conan/projetosTrybe/sd-023-b-project-trivia-react-redux/src/pages/Feedback.jsx","statementMap":{"0":{"start":{"line":9,"column":23},"end":{"line":9,"column":24}},"1":{"start":{"line":12,"column":22},"end":{"line":23,"column":3}},"2":{"start":{"line":13,"column":41},"end":{"line":13,"column":51}},"3":{"start":{"line":15,"column":4},"end":{"line":15,"column":40}},"4":{"start":{"line":17,"column":23},"end":{"line":17,"column":56}},"5":{"start":{"line":18,"column":23},"end":{"line":19,"column":53}},"6":{"start":{"line":19,"column":28},"end":{"line":19,"column":52}},"7":{"start":{"line":20,"column":4},"end":{"line":20,"column":29}},"8":{"start":{"line":21,"column":4},"end":{"line":21,"column":62}},"9":{"start":{"line":22,"column":4},"end":{"line":22,"column":22}},"10":{"start":{"line":26,"column":43},"end":{"line":26,"column":53}},"11":{"start":{"line":28,"column":4},"end":{"line":60,"column":6}},"12":{"start":{"line":42,"column":12},"end":{"line":42,"column":37}},"13":{"start":{"line":43,"column":31},"end":{"line":43,"column":64}},"14":{"start":{"line":44,"column":31},"end":{"line":45,"column":61}},"15":{"start":{"line":45,"column":36},"end":{"line":45,"column":60}},"16":{"start":{"line":46,"column":12},"end":{"line":46,"column":37}},"17":{"start":{"line":47,"column":12},"end":{"line":47,"column":70}},"18":{"start":{"line":64,"column":24},"end":{"line":66,"column":2}},"19":{"start":{"line":64,"column":36},"end":{"line":66,"column":1}},"20":{"start":{"line":68,"column":0},"end":{"line":75,"column":2}}},"fnMap":{"0":{"name":"(anonymous_0)","decl":{"start":{"line":12,"column":22},"end":{"line":12,"column":23}},"loc":{"start":{"line":12,"column":28},"end":{"line":23,"column":3}},"line":12},"1":{"name":"(anonymous_1)","decl":{"start":{"line":19,"column":14},"end":{"line":19,"column":15}},"loc":{"start":{"line":19,"column":28},"end":{"line":19,"column":52}},"line":19},"2":{"name":"(anonymous_2)","decl":{"start":{"line":25,"column":2},"end":{"line":25,"column":3}},"loc":{"start":{"line":25,"column":11},"end":{"line":61,"column":3}},"line":25},"3":{"name":"(anonymous_3)","decl":{"start":{"line":41,"column":20},"end":{"line":41,"column":21}},"loc":{"start":{"line":41,"column":26},"end":{"line":48,"column":11}},"line":41},"4":{"name":"(anonymous_4)","decl":{"start":{"line":45,"column":22},"end":{"line":45,"column":23}},"loc":{"start":{"line":45,"column":36},"end":{"line":45,"column":60}},"line":45},"5":{"name":"(anonymous_5)","decl":{"start":{"line":64,"column":24},"end":{"line":64,"column":25}},"loc":{"start":{"line":64,"column":36},"end":{"line":66,"column":1}},"line":64}},"branchMap":{"0":{"loc":{"start":{"line":31,"column":9},"end":{"line":33,"column":65}},"type":"cond-expr","locations":[{"start":{"line":32,"column":12},"end":{"line":32,"column":57}},{"start":{"line":33,"column":12},"end":{"line":33,"column":65}}],"line":31}},"s":{"0":2,"1":5,"2":1,"3":1,"4":1,"5":1,"6":2,"7":1,"8":1,"9":1,"10":5,"11":5,"12":1,"13":1,"14":1,"15":4,"16":1,"17":1,"18":2,"19":6,"20":2},"f":{"0":1,"1":2,"2":5,"3":1,"4":4,"5":6},"b":{"0":[1,4]},"_coverageSchema":"1a1c01bbd47fc00a2c39e90264f33305004495a9","hash":"60fecdc4195b7789f8b83bf1ec398fbd4a0c2a85"}
,"/home/conan/projetosTrybe/sd-023-b-project-trivia-react-redux/src/pages/Game.jsx": {"path":"/home/conan/projetosTrybe/sd-023-b-project-trivia-react-redux/src/pages/Game.jsx","statementMap":{"0":{"start":{"line":13,"column":4},"end":{"line":13,"column":12}},"1":{"start":{"line":15,"column":4},"end":{"line":28,"column":6}},"2":{"start":{"line":32,"column":4},"end":{"line":32,"column":19}},"3":{"start":{"line":35,"column":12},"end":{"line":46,"column":3}},"4":{"start":{"line":36,"column":32},"end":{"line":36,"column":42}},"5":{"start":{"line":38,"column":4},"end":{"line":38,"column":41}},"6":{"start":{"line":39,"column":4},"end":{"line":45,"column":7}},"7":{"start":{"line":40,"column":40},"end":{"line":40,"column":50}},"8":{"start":{"line":42,"column":6},"end":{"line":44,"column":7}},"9":{"start":{"line":43,"column":8},"end":{"line":43,"column":39}},"10":{"start":{"line":48,"column":21},"end":{"line":58,"column":3}},"11":{"start":{"line":49,"column":4},"end":{"line":49,"column":38}},"12":{"start":{"line":49,"column":28},"end":{"line":49,"column":38}},"13":{"start":{"line":51,"column":22},"end":{"line":51,"column":80}},"14":{"start":{"line":53,"column":4},"end":{"line":55,"column":7}},"15":{"start":{"line":54,"column":6},"end":{"line":54,"column":73}},"16":{"start":{"line":57,"column":4},"end":{"line":57,"column":23}},"17":{"start":{"line":60,"column":18},"end":{"line":77,"column":3}},"18":{"start":{"line":61,"column":18},"end":{"line":61,"column":21}},"19":{"start":{"line":62,"column":17},"end":{"line":62,"column":18}},"20":{"start":{"line":63,"column":29},"end":{"line":63,"column":78}},"21":{"start":{"line":63,"column":56},"end":{"line":63,"column":77}},"22":{"start":{"line":64,"column":33},"end":{"line":64,"column":73}},"23":{"start":{"line":64,"column":51},"end":{"line":64,"column":72}},"24":{"start":{"line":66,"column":24},"end":{"line":66,"column":59}},"25":{"start":{"line":68,"column":4},"end":{"line":76,"column":5}},"26":{"start":{"line":69,"column":29},"end":{"line":69,"column":72}},"27":{"start":{"line":69,"column":57},"end":{"line":69,"column":71}},"28":{"start":{"line":71,"column":6},"end":{"line":71,"column":54}},"29":{"start":{"line":72,"column":11},"end":{"line":76,"column":5}},"30":{"start":{"line":73,"column":29},"end":{"line":73,"column":76}},"31":{"start":{"line":73,"column":61},"end":{"line":73,"column":75}},"32":{"start":{"line":75,"column":6},"end":{"line":75,"column":54}},"33":{"start":{"line":79,"column":22},"end":{"line":97,"column":3}},"34":{"start":{"line":80,"column":4},"end":{"line":96,"column":7}},"35":{"start":{"line":82,"column":27},"end":{"line":82,"column":37}},"36":{"start":{"line":83,"column":38},"end":{"line":83,"column":48}},"37":{"start":{"line":84,"column":32},"end":{"line":85,"column":54}},"38":{"start":{"line":85,"column":35},"end":{"line":85,"column":53}},"39":{"start":{"line":87,"column":6},"end":{"line":95,"column":7}},"40":{"start":{"line":88,"column":8},"end":{"line":94,"column":11}},"41":{"start":{"line":88,"column":38},"end":{"line":90,"column":9}},"42":{"start":{"line":91,"column":27},"end":{"line":91,"column":37}},"43":{"start":{"line":93,"column":10},"end":{"line":93,"column":66}},"44":{"start":{"line":99,"column":12},"end":{"line":99,"column":57}},"45":{"start":{"line":99,"column":25},"end":{"line":99,"column":57}},"46":{"start":{"line":101,"column":20},"end":{"line":116,"column":3}},"47":{"start":{"line":102,"column":30},"end":{"line":102,"column":40}},"48":{"start":{"line":103,"column":33},"end":{"line":103,"column":43}},"49":{"start":{"line":104,"column":26},"end":{"line":104,"column":27}},"50":{"start":{"line":106,"column":4},"end":{"line":115,"column":5}},"51":{"start":{"line":107,"column":6},"end":{"line":112,"column":9}},"52":{"start":{"line":111,"column":8},"end":{"line":111,"column":55}},"53":{"start":{"line":114,"column":6},"end":{"line":114,"column":32}},"54":{"start":{"line":120,"column":35},"end":{"line":120,"column":45}},"55":{"start":{"line":121,"column":38},"end":{"line":121,"column":48}},"56":{"start":{"line":122,"column":24},"end":{"line":122,"column":26}},"57":{"start":{"line":123,"column":27},"end":{"line":123,"column":28}},"58":{"start":{"line":124,"column":27},"end":{"line":124,"column":38}},"59":{"start":{"line":126,"column":4},"end":{"line":198,"column":6}},"60":{"start":{"line":146,"column":22},"end":{"line":148,"column":23}},"61":{"start":{"line":147,"column":24},"end":{"line":147,"column":46}},"62":{"start":{"line":150,"column":22},"end":{"line":181,"column":24}},"63":{"start":{"line":159,"column":55},"end":{"line":159,"column":77}},"64":{"start":{"line":160,"column":32},"end":{"line":160,"column":70}},"65":{"start":{"line":202,"column":0},"end":{"line":217,"column":2}},"66":{"start":{"line":219,"column":24},"end":{"line":226,"column":1}},"67":{"start":{"line":220,"column":51},"end":{"line":220,"column":60}},"68":{"start":{"line":221,"column":2},"end":{"line":225,"column":5}}},"fnMap":{"0":{"name":"(anonymous_0)","decl":{"start":{"line":12,"column":2},"end":{"line":12,"column":3}},"loc":{"start":{"line":12,"column":16},"end":{"line":29,"column":3}},"line":12},"1":{"name":"(anonymous_1)","decl":{"start":{"line":31,"column":2},"end":{"line":31,"column":3}},"loc":{"start":{"line":31,"column":28},"end":{"line":33,"column":3}},"line":31},"2":{"name":"(anonymous_2)","decl":{"start":{"line":35,"column":12},"end":{"line":35,"column":13}},"loc":{"start":{"line":35,"column":24},"end":{"line":46,"column":3}},"line":35},"3":{"name":"(anonymous_3)","decl":{"start":{"line":39,"column":40},"end":{"line":39,"column":41}},"loc":{"start":{"line":39,"column":46},"end":{"line":45,"column":5}},"line":39},"4":{"name":"(anonymous_4)","decl":{"start":{"line":48,"column":21},"end":{"line":48,"column":22}},"loc":{"start":{"line":48,"column":39},"end":{"line":58,"column":3}},"line":48},"5":{"name":"(anonymous_5)","decl":{"start":{"line":53,"column":43},"end":{"line":53,"column":44}},"loc":{"start":{"line":53,"column":53},"end":{"line":55,"column":5}},"line":53},"6":{"name":"(anonymous_6)","decl":{"start":{"line":60,"column":18},"end":{"line":60,"column":19}},"loc":{"start":{"line":60,"column":36},"end":{"line":77,"column":3}},"line":60},"7":{"name":"(anonymous_7)","decl":{"start":{"line":63,"column":50},"end":{"line":63,"column":51}},"loc":{"start":{"line":63,"column":56},"end":{"line":63,"column":77}},"line":63},"8":{"name":"(anonymous_8)","decl":{"start":{"line":64,"column":45},"end":{"line":64,"column":46}},"loc":{"start":{"line":64,"column":51},"end":{"line":64,"column":72}},"line":64},"9":{"name":"(anonymous_9)","decl":{"start":{"line":69,"column":50},"end":{"line":69,"column":51}},"loc":{"start":{"line":69,"column":57},"end":{"line":69,"column":71}},"line":69},"10":{"name":"(anonymous_10)","decl":{"start":{"line":73,"column":54},"end":{"line":73,"column":55}},"loc":{"start":{"line":73,"column":61},"end":{"line":73,"column":75}},"line":73},"11":{"name":"(anonymous_11)","decl":{"start":{"line":79,"column":22},"end":{"line":79,"column":23}},"loc":{"start":{"line":79,"column":77},"end":{"line":97,"column":3}},"line":79},"12":{"name":"(anonymous_12)","decl":{"start":{"line":81,"column":74},"end":{"line":81,"column":75}},"loc":{"start":{"line":81,"column":80},"end":{"line":96,"column":5}},"line":81},"13":{"name":"(anonymous_13)","decl":{"start":{"line":85,"column":16},"end":{"line":85,"column":17}},"loc":{"start":{"line":85,"column":35},"end":{"line":85,"column":53}},"line":85},"14":{"name":"(anonymous_14)","decl":{"start":{"line":88,"column":22},"end":{"line":88,"column":23}},"loc":{"start":{"line":88,"column":38},"end":{"line":90,"column":9}},"line":88},"15":{"name":"(anonymous_15)","decl":{"start":{"line":90,"column":12},"end":{"line":90,"column":13}},"loc":{"start":{"line":90,"column":24},"end":{"line":94,"column":9}},"line":90},"16":{"name":"(anonymous_16)","decl":{"start":{"line":99,"column":12},"end":{"line":99,"column":13}},"loc":{"start":{"line":99,"column":25},"end":{"line":99,"column":57}},"line":99},"17":{"name":"(anonymous_17)","decl":{"start":{"line":101,"column":20},"end":{"line":101,"column":21}},"loc":{"start":{"line":101,"column":26},"end":{"line":116,"column":3}},"line":101},"18":{"name":"(anonymous_18)","decl":{"start":{"line":110,"column":35},"end":{"line":110,"column":36}},"loc":{"start":{"line":110,"column":41},"end":{"line":112,"column":7}},"line":110},"19":{"name":"(anonymous_19)","decl":{"start":{"line":118,"column":2},"end":{"line":118,"column":3}},"loc":{"start":{"line":118,"column":11},"end":{"line":199,"column":3}},"line":118},"20":{"name":"(anonymous_20)","decl":{"start":{"line":145,"column":37},"end":{"line":145,"column":38}},"loc":{"start":{"line":145,"column":54},"end":{"line":182,"column":21}},"line":145},"21":{"name":"(anonymous_21)","decl":{"start":{"line":158,"column":40},"end":{"line":158,"column":41}},"loc":{"start":{"line":158,"column":47},"end":{"line":161,"column":31}},"line":158},"22":{"name":"(anonymous_22)","decl":{"start":{"line":219,"column":24},"end":{"line":219,"column":25}},"loc":{"start":{"line":219,"column":64},"end":{"line":226,"column":1}},"line":219}},"branchMap":{"0":{"loc":{"start":{"line":42,"column":6},"end":{"line":44,"column":7}},"type":"if","locations":[{"start":{"line":42,"column":6},"end":{"line":44,"column":7}},{"start":{},"end":{}}],"line":42},"1":{"loc":{"start":{"line":49,"column":4},"end":{"line":49,"column":38}},"type":"if","locations":[{"start":{"line":49,"column":4},"end":{"line":49,"column":38}},{"start":{},"end":{}}],"line":49},"2":{"loc":{"start":{"line":68,"column":4},"end":{"line":76,"column":5}},"type":"if","locations":[{"start":{"line":68,"column":4},"end":{"line":76,"column":5}},{"start":{"line":72,"column":11},"end":{"line":76,"column":5}}],"line":68},"3":{"loc":{"start":{"line":72,"column":11},"end":{"line":76,"column":5}},"type":"if","locations":[{"start":{"line":72,"column":11},"end":{"line":76,"column":5}},{"start":{},"end":{}}],"line":72},"4":{"loc":{"start":{"line":79,"column":45},"end":{"line":79,"column":72}},"type":"default-arg","locations":[{"start":{"line":79,"column":58},"end":{"line":79,"column":72}}],"line":79},"5":{"loc":{"start":{"line":87,"column":6},"end":{"line":95,"column":7}},"type":"if","locations":[{"start":{"line":87,"column":6},"end":{"line":95,"column":7}},{"start":{},"end":{}}],"line":87},"6":{"loc":{"start":{"line":106,"column":4},"end":{"line":115,"column":5}},"type":"if","locations":[{"start":{"line":106,"column":4},"end":{"line":115,"column":5}},{"start":{"line":113,"column":11},"end":{"line":115,"column":5}}],"line":106},"7":{"loc":{"start":{"line":129,"column":9},"end":{"line":132,"column":10}},"type":"binary-expr","locations":[{"start":{"line":129,"column":9},"end":{"line":129,"column":18}},{"start":{"line":129,"column":22},"end":{"line":132,"column":10}}],"line":129},"8":{"loc":{"start":{"line":133,"column":9},"end":{"line":133,"column":51}},"type":"binary-expr","locations":[{"start":{"line":133,"column":10},"end":{"line":133,"column":29}},{"start":{"line":133,"column":35},"end":{"line":133,"column":50}}],"line":133},"9":{"loc":{"start":{"line":135,"column":10},"end":{"line":135,"column":59}},"type":"binary-expr","locations":[{"start":{"line":135,"column":11},"end":{"line":135,"column":42}},{"start":{"line":135,"column":48},"end":{"line":135,"column":58}}],"line":135},"10":{"loc":{"start":{"line":138,"column":10},"end":{"line":195,"column":13}},"type":"cond-expr","locations":[{"start":{"line":138,"column":47},"end":{"line":138,"column":66}},{"start":{"line":140,"column":14},"end":{"line":194,"column":24}}],"line":138},"11":{"loc":{"start":{"line":146,"column":22},"end":{"line":148,"column":23}},"type":"if","locations":[{"start":{"line":146,"column":22},"end":{"line":148,"column":23}},{"start":{},"end":{}}],"line":146},"12":{"loc":{"start":{"line":151,"column":24},"end":{"line":180,"column":27}},"type":"cond-expr","locations":[{"start":{"line":153,"column":28},"end":{"line":166,"column":37}},{"start":{"line":169,"column":28},"end":{"line":179,"column":37}}],"line":151},"13":{"loc":{"start":{"line":185,"column":17},"end":{"line":193,"column":17}},"type":"binary-expr","locations":[{"start":{"line":185,"column":18},"end":{"line":185,"column":26}},{"start":{"line":186,"column":18},"end":{"line":192,"column":27}}],"line":185}},"s":{"0":6,"1":6,"2":6,"3":6,"4":6,"5":6,"6":6,"7":6,"8":6,"9":6,"10":6,"11":26,"12":0,"13":26,"14":26,"15":65,"16":26,"17":6,"18":26,"19":26,"20":26,"21":133,"22":26,"23":26,"24":26,"25":26,"26":20,"27":80,"28":20,"29":6,"30":5,"31":10,"32":5,"33":6,"34":25,"35":25,"36":25,"37":25,"38":90,"39":25,"40":8,"41":8,"42":8,"43":8,"44":6,"45":0,"46":6,"47":25,"48":25,"49":25,"50":25,"51":20,"52":20,"53":5,"54":90,"55":90,"56":90,"57":90,"58":90,"59":90,"60":284,"61":219,"62":284,"63":8,"64":8,"65":2,"66":2,"67":26,"68":26},"f":{"0":6,"1":6,"2":6,"3":6,"4":26,"5":65,"6":26,"7":133,"8":26,"9":80,"10":10,"11":25,"12":25,"13":90,"14":8,"15":8,"16":0,"17":25,"18":20,"19":90,"20":284,"21":8,"22":26},"b":{"0":[6,0],"1":[0,26],"2":[20,6],"3":[5,1],"4":[17],"5":[8,17],"6":[20,5],"7":[90,57],"8":[90,27],"9":[90,0],"10":[0,90],"11":[219,65],"12":[65,219],"13":[90,33]},"_coverageSchema":"1a1c01bbd47fc00a2c39e90264f33305004495a9","hash":"92e2f0ce95606d943f282eac99ddd76d9a252839"}
,"/home/conan/projetosTrybe/sd-023-b-project-trivia-react-redux/src/pages/Login.jsx": {"path":"/home/conan/projetosTrybe/sd-023-b-project-trivia-react-redux/src/pages/Login.jsx","statementMap":{"0":{"start":{"line":12,"column":4},"end":{"line":12,"column":12}},"1":{"start":{"line":14,"column":4},"end":{"line":19,"column":6}},"2":{"start":{"line":23,"column":4},"end":{"line":23,"column":74}},"3":{"start":{"line":23,"column":41},"end":{"line":23,"column":74}},"4":{"start":{"line":26,"column":20},"end":{"line":34,"column":3}},"5":{"start":{"line":27,"column":28},"end":{"line":27,"column":38}},"6":{"start":{"line":28,"column":22},"end":{"line":28,"column":41}},"7":{"start":{"line":29,"column":23},"end":{"line":29,"column":67}},"8":{"start":{"line":31,"column":4},"end":{"line":33,"column":7}},"9":{"start":{"line":36,"column":17},"end":{"line":40,"column":3}},"10":{"start":{"line":37,"column":4},"end":{"line":39,"column":7}},"11":{"start":{"line":38,"column":6},"end":{"line":38,"column":29}},"12":{"start":{"line":42,"column":16},"end":{"line":65,"column":3}},"13":{"start":{"line":43,"column":28},"end":{"line":43,"column":38}},"14":{"start":{"line":44,"column":34},"end":{"line":44,"column":44}},"15":{"start":{"line":45,"column":4},"end":{"line":45,"column":27}},"16":{"start":{"line":47,"column":4},"end":{"line":47,"column":33}},"17":{"start":{"line":48,"column":4},"end":{"line":48,"column":40}},"18":{"start":{"line":49,"column":25},"end":{"line":49,"column":35}},"19":{"start":{"line":50,"column":4},"end":{"line":53,"column":7}},"20":{"start":{"line":51,"column":24},"end":{"line":51,"column":34}},"21":{"start":{"line":52,"column":6},"end":{"line":52,"column":23}},"22":{"start":{"line":55,"column":19},"end":{"line":55,"column":77}},"23":{"start":{"line":56,"column":19},"end":{"line":56,"column":54}},"24":{"start":{"line":57,"column":24},"end":{"line":57,"column":54}},"25":{"start":{"line":58,"column":4},"end":{"line":62,"column":5}},"26":{"start":{"line":59,"column":6},"end":{"line":59,"column":61}},"27":{"start":{"line":61,"column":6},"end":{"line":61,"column":45}},"28":{"start":{"line":63,"column":4},"end":{"line":63,"column":34}},"29":{"start":{"line":64,"column":4},"end":{"line":64,"column":26}},"30":{"start":{"line":67,"column":24},"end":{"line":70,"column":3}},"31":{"start":{"line":68,"column":24},"end":{"line":68,"column":34}},"32":{"start":{"line":69,"column":4},"end":{"line":69,"column":30}},"33":{"start":{"line":73,"column":40},"end":{"line":73,"column":50}},"34":{"start":{"line":75,"column":4},"end":{"line":115,"column":6}},"35":{"start":{"line":119,"column":0},"end":{"line":127,"column":2}},"36":{"start":{"line":129,"column":24},"end":{"line":132,"column":2}},"37":{"start":{"line":129,"column":46},"end":{"line":132,"column":1}}},"fnMap":{"0":{"name":"(anonymous_0)","decl":{"start":{"line":11,"column":2},"end":{"line":11,"column":3}},"loc":{"start":{"line":11,"column":16},"end":{"line":20,"column":3}},"line":11},"1":{"name":"(anonymous_1)","decl":{"start":{"line":22,"column":2},"end":{"line":22,"column":3}},"loc":{"start":{"line":22,"column":22},"end":{"line":24,"column":3}},"line":22},"2":{"name":"(anonymous_2)","decl":{"start":{"line":26,"column":20},"end":{"line":26,"column":21}},"loc":{"start":{"line":26,"column":26},"end":{"line":34,"column":3}},"line":26},"3":{"name":"(anonymous_3)","decl":{"start":{"line":36,"column":17},"end":{"line":36,"column":18}},"loc":{"start":{"line":36,"column":33},"end":{"line":40,"column":3}},"line":36},"4":{"name":"(anonymous_4)","decl":{"start":{"line":37,"column":51},"end":{"line":37,"column":52}},"loc":{"start":{"line":37,"column":57},"end":{"line":39,"column":5}},"line":37},"5":{"name":"(anonymous_5)","decl":{"start":{"line":42,"column":16},"end":{"line":42,"column":17}},"loc":{"start":{"line":42,"column":33},"end":{"line":65,"column":3}},"line":42},"6":{"name":"(anonymous_6)","decl":{"start":{"line":50,"column":45},"end":{"line":50,"column":46}},"loc":{"start":{"line":50,"column":51},"end":{"line":53,"column":5}},"line":50},"7":{"name":"(anonymous_7)","decl":{"start":{"line":67,"column":24},"end":{"line":67,"column":25}},"loc":{"start":{"line":67,"column":30},"end":{"line":70,"column":3}},"line":67},"8":{"name":"(anonymous_8)","decl":{"start":{"line":72,"column":2},"end":{"line":72,"column":3}},"loc":{"start":{"line":72,"column":11},"end":{"line":116,"column":3}},"line":72},"9":{"name":"(anonymous_9)","decl":{"start":{"line":129,"column":24},"end":{"line":129,"column":25}},"loc":{"start":{"line":129,"column":46},"end":{"line":132,"column":1}},"line":129}},"branchMap":{"0":{"loc":{"start":{"line":23,"column":4},"end":{"line":23,"column":74}},"type":"if","locations":[{"start":{"line":23,"column":4},"end":{"line":23,"column":74}},{"start":{},"end":{}}],"line":23},"1":{"loc":{"start":{"line":32,"column":18},"end":{"line":32,"column":66}},"type":"binary-expr","locations":[{"start":{"line":32,"column":18},"end":{"line":32,"column":41}},{"start":{"line":32,"column":45},"end":{"line":32,"column":66}}],"line":32},"2":{"loc":{"start":{"line":58,"column":4},"end":{"line":62,"column":5}},"type":"if","locations":[{"start":{"line":58,"column":4},"end":{"line":62,"column":5}},{"start":{"line":60,"column":11},"end":{"line":62,"column":5}}],"line":58}},"s":{"0":9,"1":9,"2":9,"3":2,"4":9,"5":282,"6":282,"7":282,"8":282,"9":9,"10":282,"11":282,"12":9,"13":6,"14":6,"15":6,"16":6,"17":6,"18":6,"19":6,"20":6,"21":6,"22":6,"23":6,"24":6,"25":6,"26":6,"27":0,"28":6,"29":6,"30":9,"31":1,"32":1,"33":597,"34":597,"35":2,"36":2,"37":27},"f":{"0":9,"1":9,"2":282,"3":282,"4":282,"5":6,"6":6,"7":1,"8":597,"9":27},"b":{"0":[2,7],"1":[282,84],"2":[6,0]},"_coverageSchema":"1a1c01bbd47fc00a2c39e90264f33305004495a9","hash":"15f98ef67d5bd1a587cb4af809a4e7403a0a2cd8"}
,"/home/conan/projetosTrybe/sd-023-b-project-trivia-react-redux/src/pages/Ranking.jsx": {"path":"/home/conan/projetosTrybe/sd-023-b-project-trivia-react-redux/src/pages/Ranking.jsx","statementMap":{"0":{"start":{"line":8,"column":21},"end":{"line":8,"column":23}},"1":{"start":{"line":10,"column":10},"end":{"line":12,"column":3}},"2":{"start":{"line":14,"column":22},"end":{"line":19,"column":3}},"3":{"start":{"line":15,"column":34},"end":{"line":15,"column":44}},"4":{"start":{"line":17,"column":4},"end":{"line":17,"column":49}},"5":{"start":{"line":18,"column":4},"end":{"line":18,"column":22}},"6":{"start":{"line":22,"column":24},"end":{"line":22,"column":34}},"7":{"start":{"line":23,"column":4},"end":{"line":38,"column":6}},"8":{"start":{"line":34,"column":26},"end":{"line":34,"column":43}},"9":{"start":{"line":35,"column":12},"end":{"line":35,"column":66}},"10":{"start":{"line":42,"column":0},"end":{"line":47,"column":2}}},"fnMap":{"0":{"name":"(anonymous_0)","decl":{"start":{"line":14,"column":22},"end":{"line":14,"column":23}},"loc":{"start":{"line":14,"column":28},"end":{"line":19,"column":3}},"line":14},"1":{"name":"(anonymous_1)","decl":{"start":{"line":21,"column":2},"end":{"line":21,"column":3}},"loc":{"start":{"line":21,"column":11},"end":{"line":39,"column":3}},"line":21},"2":{"name":"(anonymous_2)","decl":{"start":{"line":34,"column":16},"end":{"line":34,"column":17}},"loc":{"start":{"line":34,"column":26},"end":{"line":34,"column":43}},"line":34},"3":{"name":"(anonymous_3)","decl":{"start":{"line":34,"column":49},"end":{"line":34,"column":50}},"loc":{"start":{"line":35,"column":12},"end":{"line":35,"column":66}},"line":35}},"branchMap":{"0":{"loc":{"start":{"line":33,"column":9},"end":{"line":36,"column":12}},"type":"binary-expr","locations":[{"start":{"line":33,"column":9},"end":{"line":33,"column":27}},{"start":{"line":33,"column":31},"end":{"line":36,"column":12}}],"line":33}},"s":{"0":2,"1":1,"2":1,"3":0,"4":0,"5":0,"6":1,"7":1,"8":0,"9":1,"10":2},"f":{"0":0,"1":1,"2":0,"3":1},"b":{"0":[1,1]},"_coverageSchema":"1a1c01bbd47fc00a2c39e90264f33305004495a9","hash":"2a52a5308b2f9678326bf04ab295b232227d1b52"}
,"/home/conan/projetosTrybe/sd-023-b-project-trivia-react-redux/src/pages/settings.jsx": {"path":"/home/conan/projetosTrybe/sd-023-b-project-trivia-react-redux/src/pages/settings.jsx","statementMap":{"0":{"start":{"line":5,"column":4},"end":{"line":9,"column":6}}},"fnMap":{"0":{"name":"(anonymous_0)","decl":{"start":{"line":4,"column":2},"end":{"line":4,"column":3}},"loc":{"start":{"line":4,"column":11},"end":{"line":10,"column":3}},"line":4}},"branchMap":{},"s":{"0":1},"f":{"0":1},"b":{},"_coverageSchema":"1a1c01bbd47fc00a2c39e90264f33305004495a9","hash":"7962d88380e88f0037b21b5c5bb01a0b240ec4b2"}
}
