{"total": {"lines":{"total":171,"covered":159,"skipped":0,"pct":92.98},"statements":{"total":184,"covered":169,"skipped":0,"pct":91.84},"functions":{"total":58,"covered":51,"skipped":0,"pct":87.93},"branches":{"total":45,"covered":39,"skipped":0,"pct":86.66},"branchesTrue":{"total":0,"covered":0,"skipped":0,"pct":100}}
,"/home/conan/projetosTrybe/sd-023-b-project-trivia-react-redux/src/App.js": {"lines":{"total":1,"covered":1,"skipped":0,"pct":100},"functions":{"total":1,"covered":1,"skipped":0,"pct":100},"statements":{"total":1,"covered":1,"skipped":0,"pct":100},"branches":{"total":0,"covered":0,"skipped":0,"pct":100}}
,"/home/conan/projetosTrybe/sd-023-b-project-trivia-react-redux/src/components/Header.jsx": {"lines":{"total":4,"covered":4,"skipped":0,"pct":100},"functions":{"total":2,"covered":2,"skipped":0,"pct":100},"statements":{"total":5,"covered":5,"skipped":0,"pct":100},"branches":{"total":0,"covered":0,"skipped":0,"pct":100}}
,"/home/conan/projetosTrybe/sd-023-b-project-trivia-react-redux/src/components/PlayerCard.jsx": {"lines":{"total":3,"covered":3,"skipped":0,"pct":100},"functions":{"total":1,"covered":1,"skipped":0,"pct":100},"statements":{"total":3,"covered":3,"skipped":0,"pct":100},"branches":{"total":0,"covered":0,"skipped":0,"pct":100}}
,"/home/conan/projetosTrybe/sd-023-b-project-trivia-react-redux/src/components/Timer.jsx": {"lines":{"total":17,"covered":10,"skipped":0,"pct":58.82},"functions":{"total":8,"covered":4,"skipped":0,"pct":50},"statements":{"total":18,"covered":10,"skipped":0,"pct":55.55},"branches":{"total":2,"covered":1,"skipped":0,"pct":50}}
,"/home/conan/projetosTrybe/sd-023-b-project-trivia-react-redux/src/pages/Feedback.jsx": {"lines":{"total":26,"covered":25,"skipped":0,"pct":96.15},"functions":{"total":7,"covered":7,"skipped":0,"pct":100},"statements":{"total":28,"covered":27,"skipped":0,"pct":96.42},"branches":{"total":8,"covered":7,"skipped":0,"pct":87.5}}
,"/home/conan/projetosTrybe/sd-023-b-project-trivia-react-redux/src/pages/Game.jsx": {"lines":{"total":68,"covered":68,"skipped":0,"pct":100},"functions":{"total":24,"covered":23,"skipped":0,"pct":95.83},"statements":{"total":75,"covered":73,"skipped":0,"pct":97.33},"branches":{"total":25,"covered":21,"skipped":0,"pct":84}}
,"/home/conan/projetosTrybe/sd-023-b-project-trivia-react-redux/src/pages/Login.jsx": {"lines":{"total":40,"covered":40,"skipped":0,"pct":100},"functions":{"total":10,"covered":10,"skipped":0,"pct":100},"statements":{"total":42,"covered":42,"skipped":0,"pct":100},"branches":{"total":8,"covered":8,"skipped":0,"pct":100}}
,"/home/conan/projetosTrybe/sd-023-b-project-trivia-react-redux/src/pages/Ranking.jsx": {"lines":{"total":11,"covered":7,"skipped":0,"pct":63.63},"functions":{"total":4,"covered":2,"skipped":0,"pct":50},"statements":{"total":11,"covered":7,"skipped":0,"pct":63.63},"branches":{"total":2,"covered":2,"skipped":0,"pct":100}}
,"/home/conan/projetosTrybe/sd-023-b-project-trivia-react-redux/src/pages/settings.jsx": {"lines":{"total":1,"covered":1,"skipped":0,"pct":100},"functions":{"total":1,"covered":1,"skipped":0,"pct":100},"statements":{"total":1,"covered":1,"skipped":0,"pct":100},"branches":{"total":0,"covered":0,"skipped":0,"pct":100}}
}
