TN:
SF:src/App.js
FN:11,App
FNF:1
FNH:1
FNDA:8,App
DA:12,8
LF:1
LH:1
BRF:0
BRH:0
end_of_record
TN:
SF:src/components/Header.jsx
FN:7,(anonymous_0)
FN:25,(anonymous_1)
FNF:2
FNH:2
FNDA:19,(anonymous_0)
FNDA:25,(anonymous_1)
DA:8,19
DA:10,19
DA:25,25
DA:31,2
LF:4
LH:4
BRF:0
BRH:0
end_of_record
TN:
SF:src/components/PlayerCard.jsx
FN:5,(anonymous_0)
FNF:1
FNH:1
FNDA:1,(anonymous_0)
DA:6,1
DA:8,1
DA:18,2
LF:3
LH:3
BRF:0
BRH:0
end_of_record
TN:
SF:src/components/Timer.jsx
FN:8,(anonymous_0)
FN:15,(anonymous_1)
FN:16,(anonymous_2)
FN:18,(anonymous_3)
FN:19,(anonymous_4)
FN:28,(anonymous_5)
FN:32,(anonymous_6)
FN:37,(anonymous_7)
FNF:8
FNH:4
FNDA:26,(anonymous_0)
FNDA:26,(anonymous_1)
FNDA:0,(anonymous_2)
FNDA:0,(anonymous_3)
FNDA:0,(anonymous_4)
FNDA:26,(anonymous_5)
FNDA:0,(anonymous_6)
FNDA:26,(anonymous_7)
DA:5,2
DA:9,26
DA:10,26
DA:16,26
DA:17,0
DA:18,0
DA:20,0
DA:21,0
DA:22,0
DA:29,26
DA:32,26
DA:33,0
DA:34,0
DA:38,26
DA:39,26
DA:40,26
DA:44,2
LF:17
LH:10
BRDA:39,0,0,0
BRDA:39,0,1,26
BRF:2
BRH:1
end_of_record
TN:
SF:src/pages/Feedback.jsx
FN:12,(anonymous_0)
FN:19,(anonymous_1)
FN:25,(anonymous_2)
FN:41,(anonymous_3)
FN:45,(anonymous_4)
FN:64,(anonymous_5)
FNF:6
FNH:6
FNDA:1,(anonymous_0)
FNDA:2,(anonymous_1)
FNDA:5,(anonymous_2)
FNDA:1,(anonymous_3)
FNDA:4,(anonymous_4)
FNDA:6,(anonymous_5)
DA:9,2
DA:12,5
DA:13,1
DA:15,1
DA:17,1
DA:18,1
DA:19,2
DA:20,1
DA:21,1
DA:22,1
DA:26,5
DA:28,5
DA:42,1
DA:43,1
DA:44,1
DA:45,4
DA:46,1
DA:47,1
DA:64,6
DA:68,2
LF:20
LH:20
BRDA:31,0,0,1
BRDA:31,0,1,4
BRF:2
BRH:2
end_of_record
TN:
SF:src/pages/Game.jsx
FN:12,(anonymous_0)
FN:31,(anonymous_1)
FN:35,(anonymous_2)
FN:39,(anonymous_3)
FN:48,(anonymous_4)
FN:53,(anonymous_5)
FN:60,(anonymous_6)
FN:63,(anonymous_7)
FN:64,(anonymous_8)
FN:69,(anonymous_9)
FN:73,(anonymous_10)
FN:79,(anonymous_11)
FN:81,(anonymous_12)
FN:85,(anonymous_13)
FN:88,(anonymous_14)
FN:90,(anonymous_15)
FN:99,(anonymous_16)
FN:101,(anonymous_17)
FN:110,(anonymous_18)
FN:118,(anonymous_19)
FN:145,(anonymous_20)
FN:158,(anonymous_21)
FN:219,(anonymous_22)
FNF:23
FNH:22
FNDA:6,(anonymous_0)
FNDA:6,(anonymous_1)
FNDA:6,(anonymous_2)
FNDA:6,(anonymous_3)
FNDA:26,(anonymous_4)
FNDA:65,(anonymous_5)
FNDA:26,(anonymous_6)
FNDA:133,(anonymous_7)
FNDA:26,(anonymous_8)
FNDA:80,(anonymous_9)
FNDA:10,(anonymous_10)
FNDA:25,(anonymous_11)
FNDA:25,(anonymous_12)
FNDA:90,(anonymous_13)
FNDA:8,(anonymous_14)
FNDA:8,(anonymous_15)
FNDA:0,(anonymous_16)
FNDA:25,(anonymous_17)
FNDA:20,(anonymous_18)
FNDA:90,(anonymous_19)
FNDA:284,(anonymous_20)
FNDA:8,(anonymous_21)
FNDA:26,(anonymous_22)
DA:13,6
DA:15,6
DA:32,6
DA:35,6
DA:36,6
DA:38,6
DA:39,6
DA:40,6
DA:42,6
DA:43,6
DA:48,6
DA:49,26
DA:51,26
DA:53,26
DA:54,65
DA:57,26
DA:60,6
DA:61,26
DA:62,26
DA:63,133
DA:64,26
DA:66,26
DA:68,26
DA:69,80
DA:71,20
DA:72,6
DA:73,10
DA:75,5
DA:79,6
DA:80,25
DA:82,25
DA:83,25
DA:84,25
DA:85,90
DA:87,25
DA:88,8
DA:91,8
DA:93,8
DA:99,6
DA:101,6
DA:102,25
DA:103,25
DA:104,25
DA:106,25
DA:107,20
DA:111,20
DA:114,5
DA:120,90
DA:121,90
DA:122,90
DA:123,90
DA:124,90
DA:126,90
DA:146,284
DA:147,219
DA:150,284
DA:159,8
DA:160,8
DA:202,2
DA:219,2
DA:220,26
DA:221,26
LF:62
LH:62
BRDA:42,0,0,6
BRDA:42,0,1,0
BRDA:49,1,0,0
BRDA:49,1,1,26
BRDA:68,2,0,20
BRDA:68,2,1,6
BRDA:72,3,0,5
BRDA:72,3,1,1
BRDA:79,4,0,17
BRDA:87,5,0,8
BRDA:87,5,1,17
BRDA:106,6,0,20
BRDA:106,6,1,5
BRDA:129,7,0,90
BRDA:129,7,1,57
BRDA:133,8,0,90
BRDA:133,8,1,27
BRDA:135,9,0,90
BRDA:135,9,1,0
BRDA:138,10,0,0
BRDA:138,10,1,90
BRDA:146,11,0,219
BRDA:146,11,1,65
BRDA:151,12,0,65
BRDA:151,12,1,219
BRDA:185,13,0,90
BRDA:185,13,1,33
BRF:27
BRH:23
end_of_record
TN:
SF:src/pages/Login.jsx
FN:11,(anonymous_0)
FN:22,(anonymous_1)
FN:26,(anonymous_2)
FN:36,(anonymous_3)
FN:37,(anonymous_4)
FN:42,(anonymous_5)
FN:50,(anonymous_6)
FN:67,(anonymous_7)
FN:72,(anonymous_8)
FN:129,(anonymous_9)
FNF:10
FNH:10
FNDA:9,(anonymous_0)
FNDA:9,(anonymous_1)
FNDA:282,(anonymous_2)
FNDA:282,(anonymous_3)
FNDA:282,(anonymous_4)
FNDA:6,(anonymous_5)
FNDA:6,(anonymous_6)
FNDA:1,(anonymous_7)
FNDA:597,(anonymous_8)
FNDA:27,(anonymous_9)
DA:12,9
DA:14,9
DA:23,9
DA:26,9
DA:27,282
DA:28,282
DA:29,282
DA:31,282
DA:36,9
DA:37,282
DA:38,282
DA:42,9
DA:43,6
DA:44,6
DA:45,6
DA:47,6
DA:48,6
DA:49,6
DA:50,6
DA:51,6
DA:52,6
DA:55,6
DA:56,6
DA:57,6
DA:58,6
DA:59,6
DA:61,0
DA:63,6
DA:64,6
DA:67,9
DA:68,1
DA:69,1
DA:73,597
DA:75,597
DA:119,2
DA:129,27
LF:36
LH:35
BRDA:23,0,0,2
BRDA:23,0,1,7
BRDA:32,1,0,282
BRDA:32,1,1,84
BRDA:58,2,0,6
BRDA:58,2,1,0
BRF:6
BRH:5
end_of_record
TN:
SF:src/pages/Ranking.jsx
FN:14,(anonymous_0)
FN:21,(anonymous_1)
FN:34,(anonymous_2)
FN:34,(anonymous_3)
FNF:4
FNH:2
FNDA:0,(anonymous_0)
FNDA:1,(anonymous_1)
FNDA:0,(anonymous_2)
FNDA:1,(anonymous_3)
DA:8,2
DA:10,1
DA:14,1
DA:15,0
DA:17,0
DA:18,0
DA:22,1
DA:23,1
DA:34,0
DA:35,1
DA:42,2
LF:11
LH:7
BRDA:33,0,0,1
BRDA:33,0,1,1
BRF:2
BRH:2
end_of_record
TN:
SF:src/pages/settings.jsx
FN:4,(anonymous_0)
FNF:1
FNH:1
FNDA:1,(anonymous_0)
DA:5,1
LF:1
LH:1
BRF:0
BRH:0
end_of_record
